[2026-04-08 15:29:33] [Shard main] [INFO] Connected to DB 

──────────────────────────────────────── Loading Commands ────────────────────────────────────────

[2026-04-08 15:29:34] [Shard main] [SUCCESS] Loaded command → ping 
[2026-04-08 15:29:34] [Shard main] [SUCCESS] Loaded command → automod 
[2026-04-08 15:29:35] [Shard main] [SUCCESS] Loaded command → 8ball 
[2026-04-08 15:29:35] [Shard main] [SUCCESS] Loaded command → clear 
[2026-04-08 15:29:35] [Shard main] [SUCCESS] Loaded command → lock 
[2026-04-08 15:29:35] [Shard main] [SUCCESS] Loaded command → unlock 
[2026-04-08 15:29:35] [Shard main] [SUCCESS] Loaded command → ban 
[2026-04-08 15:29:35] [Shard main] [SUCCESS] Loaded command → kick 
[2026-04-08 15:29:35] [Shard main] [SUCCESS] Loaded command → config 
[2026-04-08 15:29:36] [Shard main] [SUCCESS] Loaded command → perfil 
[2026-04-08 15:29:36] [Shard main] [SUCCESS] Loaded command → user 
[2026-04-08 15:29:36] [Shard main] [SUCCESS] Loaded command → koxik 
[2026-04-08 15:29:36] [Shard main] [SUCCESS] Loaded command → minecraft 
[2026-04-08 15:29:36] [Shard main] [SUCCESS] Loaded command → eco 
[2026-04-08 15:29:36] [Shard main] [SUCCESS] Loaded command → mc 
[2026-04-08 15:29:36] [Shard main] [SUCCESS] Loaded command → create 
[2026-04-08 15:29:36] [Shard main] [INFO] Commands loaded: 
┏━━━━━━━━━━━┯━━━━━━━━━━━━━━┯━━━━━━━━━━━━┓
┃ [1m[34mName[22m[39m      ┼ [1m[34mFile[22m[39m         ┼ [1m[34mFolder[22m[39m     ┃
┠───────────┼──────────────┼────────────┨
┃ [37mping[39m      ┼ [37mping.ts[39m      ┼ [37mpublic[39m     ┃
┠───────────┼──────────────┼────────────┨
┃ [37mautomod[39m   ┼ [37mautomod.ts[39m   ┼ [37mmoderation[39m ┃
┠───────────┼──────────────┼────────────┨
┃ [37m8ball[39m     ┼ [37m8ball.ts[39m     ┼ [37mpublic[39m     ┃
┠───────────┼──────────────┼────────────┨
┃ [37mclear[39m     ┼ [37mclear.ts[39m     ┼ [37mmoderation[39m ┃
┠───────────┼──────────────┼────────────┨
┃ [37mlock[39m      ┼ [37mlock.ts[39m      ┼ [37mmoderation[39m ┃
┠───────────┼──────────────┼────────────┨
┃ [37munlock[39m    ┼ [37munlock.ts[39m    ┼ [37mmoderation[39m ┃
┠───────────┼──────────────┼────────────┨
┃ [37mban[39m       ┼ [37mban.ts[39m       ┼ [37mmoderation[39m ┃
┠───────────┼──────────────┼────────────┨
┃ [37mkick[39m      ┼ [37mkick.ts[39m      ┼ [37mmoderation[39m ┃
┠───────────┼──────────────┼────────────┨
┃ [37mconfig[39m    ┼ [37mconfig.ts[39m    ┼ [37mmoderation[39m ┃
┠───────────┼──────────────┼────────────┨
┃ [37mperfil[39m    ┼ [37mprofile.ts[39m   ┼ [37mpublic[39m     ┃
┠───────────┼──────────────┼────────────┨
┃ [37muser[39m      ┼ [37muser.ts[39m      ┼ [37minfos[39m      ┃
┠───────────┼──────────────┼────────────┨
┃ [37mkoxik[39m     ┼ [37mkoxik.ts[39m     ┼ [37mpublic[39m     ┃
┠───────────┼──────────────┼────────────┨
┃ [37mminecraft[39m ┼ [37mminecraft.ts[39m ┼ [37mminecraft[39m  ┃
┠───────────┼──────────────┼────────────┨
┃ [37meco[39m       ┼ [37meco.ts[39m       ┼ [37meconomy[39m    ┃
┠───────────┼──────────────┼────────────┨
┃ [37mmc[39m        ┼ [37mmc.ts[39m        ┼ [37mminecraft[39m  ┃
┠───────────┼──────────────┼────────────┨
┃ [37mcreate[39m    ┼ [37mcreate.ts[39m    ┼ [37mpublic[39m     ┃
┗━━━━━━━━━━━┷━━━━━━━━━━━━━━┷━━━━━━━━━━━━┛


──────────────────────────────────────── Loading Events ────────────────────────────────────────

[2026-04-08 15:29:37] [Shard main] [SUCCESS] Loaded event → add:guild:database 
[2026-04-08 15:29:37] [Shard main] [SUCCESS] Loaded event → leave 
[2026-04-08 15:29:37] [Shard main] [SUCCESS] Loaded event → log:guild:create 
[2026-04-08 15:29:37] [Shard main] [SUCCESS] Loaded event → log:guild:delete 
[2026-04-08 15:29:37] [Shard main] [SUCCESS] Loaded event → remove:guild:database 
[2026-04-08 15:29:37] [Shard main] [SUCCESS] Loaded event → ready:activity 
[2026-04-08 15:29:37] [Shard main] [SUCCESS] Loaded event → welcome 
[2026-04-08 15:29:37] [Shard main] [INFO] Events loaded: 
┏━━━━━━━━━━━━━━━━━━━━━━━┯━━━━━━━━━━━━━━━━━━━━━━━━━━┓
┃ [1m[34mName[22m[39m                  ┼ [1m[34mFile[22m[39m                     ┃
┠───────────────────────┼──────────────────────────┨
┃ [37madd:guild:database[39m    ┼ [37maddGuildToDatabase.ts[39m    ┃
┠───────────────────────┼──────────────────────────┨
┃ [37mleave[39m                 ┼ [37mLeaveEvent.ts[39m            ┃
┠───────────────────────┼──────────────────────────┨
┃ [37mlog:guild:create[39m      ┼ [37mlogAddGuild.ts[39m           ┃
┠───────────────────────┼──────────────────────────┨
┃ [37mlog:guild:delete[39m      ┼ [37mlogRemoveGuild.ts[39m        ┃
┠───────────────────────┼──────────────────────────┨
┃ [37mremove:guild:database[39m ┼ [37mremoveGuildToDatabase.ts[39m ┃
┠───────────────────────┼──────────────────────────┨
┃ [37mready:activity[39m        ┼ [37mclientReady.ts[39m           ┃
┠───────────────────────┼──────────────────────────┨
┃ [37mwelcome[39m               ┼ [37mWelcomeEvent.ts[39m          ┃
┗━━━━━━━━━━━━━━━━━━━━━━━┷━━━━━━━━━━━━━━━━━━━━━━━━━━┛

